[0m22:39:12.233053 [debug] [MainThread]: Sending event: {'category': 'dbt', 'action': 'invocation', 'label': 'start', 'context': [<snowplow_tracker.self_describing_json.SelfDescribingJson object at 0x0000028A949E9550>, <snowplow_tracker.self_describing_json.SelfDescribingJson object at 0x0000028A916BB4D0>, <snowplow_tracker.self_describing_json.SelfDescribingJson object at 0x0000028A95D4FC50>]}


============================== 22:39:12.241134 | 516ba84d-0e93-44b1-802b-bfdcc07042ca ==============================
[0m22:39:12.241134 [info ] [MainThread]: Running with dbt=1.11.8
[0m22:39:12.241821 [debug] [MainThread]: running dbt with arguments {'static_parser': 'True', 'no_print': 'None', 'version_check': 'True', 'warn_error_options': 'WarnErrorOptionsV2(error=[], warn=[], silence=[])', 'target_path': 'None', 'printer_width': '80', 'write_json': 'True', 'empty': 'None', 'log_cache_events': 'False', 'introspect': 'True', 'cache_selected_only': 'False', 'log_format': 'default', 'debug': 'False', 'fail_fast': 'False', 'partial_parse': 'True', 'send_anonymous_usage_stats': 'True', 'quiet': 'False', 'warn_error': 'None', 'profiles_dir': 'C:\\Users\\srbh1\\.dbt', 'use_colors': 'True', 'invocation_command': 'dbt init mon_projet', 'indirect_selection': 'eager', 'use_experimental_parser': 'False', 'log_path': 'logs'}
[0m22:39:12.276491 [debug] [MainThread]: Starter project path: C:\Users\srbh1\AppData\Local\Programs\Python\Python313\Lib\site-packages\dbt\include\starter_project
[0m22:39:12.292721 [info ] [MainThread]: 
Your new dbt project "mon_projet" was created!

For more information on how to configure the profiles.yml file,
please consult the dbt documentation here:

  https://docs.getdbt.com/docs/configure-your-profile

One more thing:

Need help? Don't hesitate to reach out to us via GitHub issues or on Slack:

  https://community.getdbt.com/

Happy modeling!

[0m22:39:12.293349 [info ] [MainThread]: Setting up your profile.
[0m22:39:18.590555 [debug] [MainThread]: Snowflake adapter: Setting snowflake.connector to ERROR (file logging only)
[0m22:39:18.590929 [debug] [MainThread]: Snowflake adapter: Setting botocore to ERROR (file logging only)
[0m22:39:18.591155 [debug] [MainThread]: Snowflake adapter: Setting boto3 to ERROR (file logging only)
[0m22:41:18.941943 [info ] [MainThread]: Profile mon_projet written to C:\Users\srbh1\.dbt\profiles.yml using target's profile_template.yml and your supplied values. Run 'dbt debug' to validate the connection.
[0m22:41:18.943739 [debug] [MainThread]: Command `dbt init` succeeded at 22:41:18.943507 after 126.91 seconds
[0m22:41:18.944364 [debug] [MainThread]: Sending event: {'category': 'dbt', 'action': 'invocation', 'label': 'end', 'context': [<snowplow_tracker.self_describing_json.SelfDescribingJson object at 0x0000028A980962C0>, <snowplow_tracker.self_describing_json.SelfDescribingJson object at 0x0000028A979FB0B0>, <snowplow_tracker.self_describing_json.SelfDescribingJson object at 0x0000028A9803A140>]}
[0m22:41:18.944720 [debug] [MainThread]: Flushing usage events
[0m22:41:19.746265 [debug] [MainThread]: An error was encountered while trying to flush usage events
[0m22:51:30.818050 [debug] [MainThread]: Sending event: {'category': 'dbt', 'action': 'invocation', 'label': 'start', 'context': [<snowplow_tracker.self_describing_json.SelfDescribingJson object at 0x000001B5A08E5550>, <snowplow_tracker.self_describing_json.SelfDescribingJson object at 0x000001B59D5EB4D0>, <snowplow_tracker.self_describing_json.SelfDescribingJson object at 0x000001B5A1552E90>]}


============================== 22:51:30.823162 | f021884b-b27d-4146-9504-c90954ff4f94 ==============================
[0m22:51:30.823162 [info ] [MainThread]: Running with dbt=1.11.8
[0m22:51:30.824008 [debug] [MainThread]: running dbt with arguments {'static_parser': 'True', 'no_print': 'None', 'version_check': 'True', 'target_path': 'None', 'warn_error_options': 'WarnErrorOptionsV2(error=[], warn=[], silence=[])', 'printer_width': '80', 'write_json': 'True', 'empty': 'False', 'log_cache_events': 'False', 'introspect': 'True', 'cache_selected_only': 'False', 'log_format': 'default', 'debug': 'False', 'fail_fast': 'False', 'partial_parse': 'True', 'send_anonymous_usage_stats': 'True', 'quiet': 'False', 'warn_error': 'None', 'profiles_dir': 'C:\\Users\\srbh1\\.dbt', 'invocation_command': 'dbt run --project-dir .', 'indirect_selection': 'eager', 'use_colors': 'True', 'use_experimental_parser': 'False', 'log_path': 'logs'}
[0m22:51:30.824463 [error] [MainThread]: Encountered an error:
Runtime Error
  No dbt_project.yml found at expected path .\dbt_project.yml
  Verify that each entry within packages.yml (and their transitive dependencies) contains a file named dbt_project.yml
  
[0m22:51:30.825452 [debug] [MainThread]: Command `dbt run` failed at 22:51:30.825351 after 0.28 seconds
[0m22:51:30.825711 [debug] [MainThread]: Sending event: {'category': 'dbt', 'action': 'invocation', 'label': 'end', 'context': [<snowplow_tracker.self_describing_json.SelfDescribingJson object at 0x000001B5A2C7AC40>, <snowplow_tracker.self_describing_json.SelfDescribingJson object at 0x000001B5A2CB5EB0>, <snowplow_tracker.self_describing_json.SelfDescribingJson object at 0x000001B5A2C299D0>]}
[0m22:51:30.825964 [debug] [MainThread]: Flushing usage events
[0m22:51:31.520439 [debug] [MainThread]: An error was encountered while trying to flush usage events
